<?xml version="1.0" encoding="UTF-8"?>
<testsuite name="com.google.EmployeeServiceTest" tests="1" skipped="0" failures="0" errors="0" timestamp="2021-03-11T13:03:24" hostname="prinhyltpap1487" time="0.0">
  <properties/>
  <testcase name="getEmployeeById" classname="com.google.EmployeeServiceTest" time="0.0"/>
  <system-out><![CDATA[]]></system-out>
  <system-err><![CDATA[]]></system-err>
</testsuite>
